INFO  | 2022-09-25 22:12:38 | [main] book.App (App.java:10) - Welcome to Address Book Program
INFO  | 2022-09-25 22:18:09 | [main] book.App (App.java:10) - Welcome to Address Book Program
INFO  | 2022-09-25 22:18:35 | [main] book.App (App.java:10) - Welcome to Address Book Program
INFO  | 2022-09-25 22:58:43 | [main] book.App (App.java:10) - Welcome to Address Book Program
INFO  | 2022-09-25 22:58:43 | [main] book.AddressBook (AddressBook.java:14) - Enter First name: 
INFO  | 2022-09-25 22:58:56 | [main] book.AddressBook (AddressBook.java:16) - Enter Last name: 
INFO  | 2022-09-25 22:59:01 | [main] book.AddressBook (AddressBook.java:18) - Enter phone number: 
INFO  | 2022-09-25 22:59:08 | [main] book.AddressBook (AddressBook.java:20) - Enter Address: 
INFO  | 2022-09-25 22:59:21 | [main] book.AddressBook (AddressBook.java:22) - Enter City: 
INFO  | 2022-09-25 22:59:32 | [main] book.AddressBook (AddressBook.java:24) - Enter State: 
INFO  | 2022-09-25 22:59:46 | [main] book.AddressBook (AddressBook.java:26) - Enter Zip Number: 
INFO  | 2022-09-25 23:00:19 | [main] book.App (App.java:10) - Welcome to Address Book Program
INFO  | 2022-09-25 23:00:19 | [main] book.AddressBook (AddressBook.java:14) - Enter First name: 
INFO  | 2022-09-25 23:01:53 | [main] book.App (App.java:10) - Welcome to Address Book Program
INFO  | 2022-09-25 23:01:53 | [main] book.AddressBook (AddressBook.java:14) - Enter First name: 
INFO  | 2022-09-26 11:52:35 | [main] book.App (App.java:10) - Welcome to Address Book Program
INFO  | 2022-09-26 12:09:16 | [main] book.App (App.java:10) - Welcome to Address Book Program
INFO  | 2022-09-26 12:09:16 | [main] book.AddressBook (AddressBook.java:46) - Enter First name: 
INFO  | 2022-09-26 13:44:59 | [main] book.App (App.java:10) - Welcome to Address Book Program
INFO  | 2022-09-26 13:45:09 | [main] book.App (App.java:10) - Welcome to Address Book Program
INFO  | 2022-09-26 13:45:51 | [main] book.App (App.java:10) - Welcome to Address Book Program
INFO  | 2022-09-26 13:46:15 | [main] book.App (App.java:10) - Welcome to Address Book Program
INFO  | 2022-09-26 13:46:32 | [main] book.App (App.java:10) - Welcome to Address Book Program
INFO  | 2022-09-26 13:46:36 | [main] book.App (App.java:10) - Welcome to Address Book Program
INFO  | 2022-09-26 13:46:53 | [main] book.App (App.java:10) - Welcome to Address Book Program
INFO  | 2022-09-26 13:46:59 | [main] book.App (App.java:10) - Welcome to Address Book Program
INFO  | 2022-09-26 13:48:40 | [main] book.App (App.java:10) - Welcome to Address Book Program
INFO  | 2022-09-26 13:48:52 | [main] book.App (App.java:10) - Welcome to Address Book Program
INFO  | 2022-09-26 13:49:02 | [main] book.App (App.java:10) - Welcome to Address Book Program
INFO  | 2022-09-26 14:47:33 | [main] book.App (App.java:10) - Welcome to Address Book Program
INFO  | 2022-09-26 14:48:09 | [main] book.App (App.java:10) - Welcome to Address Book Program
INFO  | 2022-09-26 14:53:27 | [main] book.App (App.java:10) - Welcome to Address Book Program
INFO  | 2022-09-26 14:53:27 | [main] book.AddressBook (AddressBook.java:14) - 1. TO Add person
INFO  | 2022-09-26 14:53:27 | [main] book.AddressBook (AddressBook.java:15) - 2. To edit Contact
INFO  | 2022-09-26 14:53:27 | [main] book.AddressBook (AddressBook.java:16) - 3. Show all contacts
INFO  | 2022-09-26 14:53:27 | [main] book.AddressBook (AddressBook.java:17) - 4. Close program
INFO  | 2022-09-26 14:53:27 | [main] book.AddressBook (AddressBook.java:18) - Enter 1 to 4 numbers
